#
# There is insufficient memory for the Java Runtime Environment to continue.
# Native memory allocation (malloc) failed to allocate 68496 bytes for Chunk::new
# Possible reasons:
#   The system is out of physical RAM or swap space
#   In 32 bit mode, the process size limit was hit
# Possible solutions:
#   Reduce memory load on the system
#   Increase physical memory or swap space
#   Check if swap backing store is full
#   Use 64 bit Java on a 64 bit OS
#   Decrease Java heap size (-Xmx/-Xms)
#   Decrease number of Java threads
#   Decrease Java thread stack sizes (-Xss)
#   Set larger code cache with -XX:ReservedCodeCacheSize=
# This output file may be truncated or incomplete.
#
#  Out of Memory Error (allocation.cpp:390), pid=10596, tid=9392
#
# JRE version: Java(TM) SE Runtime Environment (8.0_25-b18) (build 1.8.0_25-b18)
# Java VM: Java HotSpot(TM) 64-Bit Server VM (25.25-b02 mixed mode windows-amd64 compressed oops)
# Failed to write core dump. Minidumps are not enabled by default on client versions of Windows
#

---------------  T H R E A D  ---------------

Current thread (0x0000000056e83000):  JavaThread "C2 CompilerThread0" daemon [_thread_in_native, id=9392, stack(0x00000000576e0000,0x00000000577e0000)]

Stack: [0x00000000576e0000,0x00000000577e0000]
Native frames: (J=compiled Java code, j=interpreted, Vv=VM code, C=native code)
V  [jvm.dll+0x31667a]
V  [jvm.dll+0x267073]
V  [jvm.dll+0x267cb3]
V  [jvm.dll+0x25f5b5]
V  [jvm.dll+0xbf165]
V  [jvm.dll+0xbf60c]
V  [jvm.dll+0x478fbc]
V  [jvm.dll+0x4463eb]
V  [jvm.dll+0x45130e]
V  [jvm.dll+0x4538f8]
V  [jvm.dll+0x437372]
V  [jvm.dll+0x98a02]
V  [jvm.dll+0x991f3]
V  [jvm.dll+0x22bde4]
V  [jvm.dll+0x2852fa]
C  [msvcr100.dll+0x21d9f]
C  [msvcr100.dll+0x21e3b]
C  [kernel32.dll+0x1652d]
C  [ntdll.dll+0x2c521]


Current CompileTask:
C2:  85422 2002       4       com.android.dex.Leb128::writeUnsignedLeb128 (46 bytes)


---------------  P R O C E S S  ---------------

Java Threads: ( => current thread )
  0x0000000056ef0000 JavaThread "Service Thread" daemon [_thread_blocked, id=11172, stack(0x0000000057ad0000,0x0000000057bd0000)]
  0x0000000056e87800 JavaThread "C1 CompilerThread2" daemon [_thread_blocked, id=14132, stack(0x00000000578f0000,0x00000000579f0000)]
  0x0000000056e86000 JavaThread "C2 CompilerThread1" daemon [_thread_in_native, id=13056, stack(0x00000000573c0000,0x00000000574c0000)]
=>0x0000000056e83000 JavaThread "C2 CompilerThread0" daemon [_thread_in_native, id=9392, stack(0x00000000576e0000,0x00000000577e0000)]
  0x0000000055188800 JavaThread "Attach Listener" daemon [_thread_blocked, id=13076, stack(0x0000000057530000,0x0000000057630000)]
  0x0000000055185000 JavaThread "Signal Dispatcher" daemon [_thread_blocked, id=12820, stack(0x00000000572b0000,0x00000000573b0000)]
  0x0000000055122000 JavaThread "Finalizer" daemon [_thread_blocked, id=12708, stack(0x0000000056d80000,0x0000000056e80000)]
  0x000000005511f000 JavaThread "Reference Handler" daemon [_thread_blocked, id=3328, stack(0x0000000056a10000,0x0000000056b10000)]
  0x0000000002088000 JavaThread "main" [_thread_blocked, id=14224, stack(0x0000000002470000,0x0000000002570000)]

Other Threads:
  0x0000000055117800 VMThread [stack: 0x0000000056b30000,0x0000000056c30000] [id=14264]
  0x0000000056ef3800 WatcherThread [stack: 0x0000000057cf0000,0x0000000057df0000] [id=9776]

VM state:not at safepoint (normal execution)

VM Mutex/Monitor currently owned by a thread: None

Heap:
 PSYoungGen      total 35328K, used 23479K [0x00000000eab00000, 0x00000000ef000000, 0x0000000100000000)
  eden space 32768K, 63% used [0x00000000eab00000,0x00000000ebf6dd40,0x00000000ecb00000)
  from space 2560K, 100% used [0x00000000ecb00000,0x00000000ecd80000,0x00000000ecd80000)
  to   space 2560K, 0% used [0x00000000eed80000,0x00000000eed80000,0x00000000ef000000)
 ParOldGen       total 44032K, used 9243K [0x00000000c0000000, 0x00000000c2b00000, 0x00000000eab00000)
  object space 44032K, 20% used [0x00000000c0000000,0x00000000c0906db0,0x00000000c2b00000)
 Metaspace       used 6510K, capacity 7408K, committed 7552K, reserved 1056768K
  class space    used 609K, capacity 616K, committed 640K, reserved 1048576K

Card table byte_map: [0x0000000011c00000,0x0000000011e10000] byte_map_base: 0x0000000011600000

Marking Bits: (ParMarkBitMap*) 0x000000005660d490
 Begin Bits: [0x0000000012590000, 0x0000000013590000)
 End Bits:   [0x0000000013590000, 0x0000000014590000)

Polling page: 0x0000000000140000

CodeCache: size=245760Kb used=8918Kb max_used=8918Kb free=236842Kb
 bounds [0x0000000002840000, 0x0000000003100000, 0x0000000011840000]
 total_blobs=2289 nmethods=2018 adapters=183
 compilation: enabled

Compilation events (10 events):
Event: 45.012 Thread 0x0000000056e87800 nmethod 1993 0x00000000030e9650 code [0x00000000030e97c0, 0x00000000030e9968]
Event: 45.012 Thread 0x0000000056e87800 1994       3       com.android.dx.dex.file.DebugInfoEncoder::<init> (77 bytes)
Event: 45.012 Thread 0x0000000056e87800 nmethod 1994 0x00000000030e9a10 code [0x00000000030e9ba0, 0x00000000030ea128]
Event: 45.012 Thread 0x0000000056e87800 2003       3       com.android.dx.dex.file.DebugInfoEncoder$2::compare (13 bytes)
Event: 45.013 Thread 0x0000000056e87800 nmethod 2003 0x00000000030ea3d0 code [0x00000000030ea560, 0x00000000030eaad0]
Event: 45.013 Thread 0x0000000056e87800 2004       3       com.android.dx.dex.file.DebugInfoEncoder$2::compare (10 bytes)
Event: 45.013 Thread 0x0000000056e87800 nmethod 2004 0x00000000030ead50 code [0x00000000030eaec0, 0x00000000030eb210]
Event: 45.013 Thread 0x0000000056e87800 1982       3       com.android.dx.dex.file.DebugInfoEncoder::emitUnsignedLeb128 (41 bytes)
Event: 45.014 Thread 0x0000000056e87800 nmethod 1982 0x00000000030eb390 code [0x00000000030eb580, 0x00000000030ebef8]
Event: 45.383 Thread 0x0000000056e86000 


GC Heap History (6 events):
Event: 18.800 GC heap before
{Heap before GC invocations=1 (full 0):
 PSYoungGen      total 18944K, used 16384K [0x00000000eab00000, 0x00000000ec000000, 0x0000000100000000)
  eden space 16384K, 100% used [0x00000000eab00000,0x00000000ebb00000,0x00000000ebb00000)
  from space 2560K, 0% used [0x00000000ebd80000,0x00000000ebd80000,0x00000000ec000000)
  to   space 2560K, 0% used [0x00000000ebb00000,0x00000000ebb00000,0x00000000ebd80000)
 ParOldGen       total 44032K, used 0K [0x00000000c0000000, 0x00000000c2b00000, 0x00000000eab00000)
  object space 44032K, 0% used [0x00000000c0000000,0x00000000c0000000,0x00000000c2b00000)
 Metaspace       used 5454K, capacity 6832K, committed 7040K, reserved 1056768K
  class space    used 545K, capacity 616K, committed 640K, reserved 1048576K
Event: 19.201 GC heap after
Heap after GC invocations=1 (full 0):
 PSYoungGen      total 18944K, used 2535K [0x00000000eab00000, 0x00000000ed000000, 0x0000000100000000)
  eden space 16384K, 0% used [0x00000000eab00000,0x00000000eab00000,0x00000000ebb00000)
  from space 2560K, 99% used [0x00000000ebb00000,0x00000000ebd79c88,0x00000000ebd80000)
  to   space 2560K, 0% used [0x00000000ecd80000,0x00000000ecd80000,0x00000000ed000000)
 ParOldGen       total 44032K, used 1580K [0x00000000c0000000, 0x00000000c2b00000, 0x00000000eab00000)
  object space 44032K, 3% used [0x00000000c0000000,0x00000000c018b008,0x00000000c2b00000)
 Metaspace       used 5454K, capacity 6832K, committed 7040K, reserved 1056768K
  class space    used 545K, capacity 616K, committed 640K, reserved 1048576K
}
Event: 22.681 GC heap before
{Heap before GC invocations=2 (full 0):
 PSYoungGen      total 18944K, used 18919K [0x00000000eab00000, 0x00000000ed000000, 0x0000000100000000)
  eden space 16384K, 100% used [0x00000000eab00000,0x00000000ebb00000,0x00000000ebb00000)
  from space 2560K, 99% used [0x00000000ebb00000,0x00000000ebd79c88,0x00000000ebd80000)
  to   space 2560K, 0% used [0x00000000ecd80000,0x00000000ecd80000,0x00000000ed000000)
 ParOldGen       total 44032K, used 1580K [0x00000000c0000000, 0x00000000c2b00000, 0x00000000eab00000)
  object space 44032K, 3% used [0x00000000c0000000,0x00000000c018b008,0x00000000c2b00000)
 Metaspace       used 5719K, capacity 7024K, committed 7296K, reserved 1056768K
  class space    used 550K, capacity 616K, committed 640K, reserved 1048576K
Event: 23.297 GC heap after
Heap after GC invocations=2 (full 0):
 PSYoungGen      total 35328K, used 2528K [0x00000000eab00000, 0x00000000ed000000, 0x0000000100000000)
  eden space 32768K, 0% used [0x00000000eab00000,0x00000000eab00000,0x00000000ecb00000)
  from space 2560K, 98% used [0x00000000ecd80000,0x00000000ecff8028,0x00000000ed000000)
  to   space 2560K, 0% used [0x00000000ecb00000,0x00000000ecb00000,0x00000000ecd80000)
 ParOldGen       total 44032K, used 4044K [0x00000000c0000000, 0x00000000c2b00000, 0x00000000eab00000)
  object space 44032K, 9% used [0x00000000c0000000,0x00000000c03f3180,0x00000000c2b00000)
 Metaspace       used 5719K, capacity 7024K, committed 7296K, reserved 1056768K
  class space    used 550K, capacity 616K, committed 640K, reserved 1048576K
}
Event: 32.429 GC heap before
{Heap before GC invocations=3 (full 0):
 PSYoungGen      total 35328K, used 35296K [0x00000000eab00000, 0x00000000ed000000, 0x0000000100000000)
  eden space 32768K, 100% used [0x00000000eab00000,0x00000000ecb00000,0x00000000ecb00000)
  from space 2560K, 98% used [0x00000000ecd80000,0x00000000ecff8028,0x00000000ed000000)
  to   space 2560K, 0% used [0x00000000ecb00000,0x00000000ecb00000,0x00000000ecd80000)
 ParOldGen       total 44032K, used 4044K [0x00000000c0000000, 0x00000000c2b00000, 0x00000000eab00000)
  object space 44032K, 9% used [0x00000000c0000000,0x00000000c03f3180,0x00000000c2b00000)
 Metaspace       used 5795K, capacity 7088K, committed 7296K, reserved 1056768K
  class space    used 551K, capacity 616K, committed 640K, reserved 1048576K
Event: 33.121 GC heap after
Heap after GC invocations=3 (full 0):
 PSYoungGen      total 35328K, used 2560K [0x00000000eab00000, 0x00000000ef000000, 0x0000000100000000)
  eden space 32768K, 0% used [0x00000000eab00000,0x00000000eab00000,0x00000000ecb00000)
  from space 2560K, 100% used [0x00000000ecb00000,0x00000000ecd80000,0x00000000ecd80000)
  to   space 2560K, 0% used [0x00000000eed80000,0x00000000eed80000,0x00000000ef000000)
 ParOldGen       total 44032K, used 9243K [0x00000000c0000000, 0x00000000c2b00000, 0x00000000eab00000)
  object space 44032K, 20% used [0x00000000c0000000,0x00000000c0906db0,0x00000000c2b00000)
 Metaspace       used 5795K, capacity 7088K, committed 7296K, reserved 1056768K
  class space    used 551K, capacity 616K, committed 640K, reserved 1048576K
}

Deoptimization events (10 events):
Event: 38.093 Thread 0x0000000002088000 Uncommon trap: reason=class_check action=maybe_recompile pc=0x0000000002d5d8a0 method=java.util.HashMap.putVal(ILjava/lang/Object;Ljava/lang/Object;ZZ)Ljava/lang/Object; @ 203
Event: 38.094 Thread 0x0000000002088000 Uncommon trap: reason=class_check action=maybe_recompile pc=0x0000000002d5d8a0 method=java.util.HashMap.putVal(ILjava/lang/Object;Ljava/lang/Object;ZZ)Ljava/lang/Object; @ 203
Event: 38.590 Thread 0x0000000002088000 Uncommon trap: reason=bimorphic action=maybe_recompile pc=0x0000000002fdb3a0 method=java.util.HashMap.putVal(ILjava/lang/Object;Ljava/lang/Object;ZZ)Ljava/lang/Object; @ 203
Event: 38.590 Thread 0x0000000002088000 Uncommon trap: reason=bimorphic action=maybe_recompile pc=0x0000000002fdb3a0 method=java.util.HashMap.putVal(ILjava/lang/Object;Ljava/lang/Object;ZZ)Ljava/lang/Object; @ 203
Event: 38.590 Thread 0x0000000002088000 Uncommon trap: reason=bimorphic action=maybe_recompile pc=0x0000000002fdb3a0 method=java.util.HashMap.putVal(ILjava/lang/Object;Ljava/lang/Object;ZZ)Ljava/lang/Object; @ 203
Event: 38.590 Thread 0x0000000002088000 Uncommon trap: reason=bimorphic action=maybe_recompile pc=0x0000000002fdb3a0 method=java.util.HashMap.putVal(ILjava/lang/Object;Ljava/lang/Object;ZZ)Ljava/lang/Object; @ 203
Event: 43.136 Thread 0x0000000002088000 Uncommon trap: reason=speculate_class_check action=maybe_recompile pc=0x0000000002c12a1c method=com.android.dx.util.FixedSizeList.equals(Ljava/lang/Object;)Z @ 25
Event: 43.136 Thread 0x0000000002088000 Uncommon trap: reason=speculate_class_check action=maybe_recompile pc=0x0000000002c12a1c method=com.android.dx.util.FixedSizeList.equals(Ljava/lang/Object;)Z @ 25
Event: 43.136 Thread 0x0000000002088000 Uncommon trap: reason=speculate_class_check action=maybe_recompile pc=0x0000000002c12a1c method=com.android.dx.util.FixedSizeList.equals(Ljava/lang/Object;)Z @ 25
Event: 43.136 Thread 0x0000000002088000 Uncommon trap: reason=speculate_class_check action=maybe_recompile pc=0x0000000002c12a1c method=com.android.dx.util.FixedSizeList.equals(Ljava/lang/Object;)Z @ 25

Internal exceptions (2 events):
Event: 0.053 Thread 0x0000000002088000 Exception <a 'java/lang/NoSuchMethodError': Method sun.misc.Unsafe.defineClass(Ljava/lang/String;[BII)Ljava/lang/Class; name or signature does not match> (0x00000000eab0cdc0) thrown at [D:\re\workspace\8-2-build-windows-amd64-cygwin\jdk8u25\1677\hotspot\sruÓó««?
Event: 0.053 Thread 0x0000000002088000 Exception <a 'java/lang/NoSuchMethodError': Method sun.misc.Unsafe.prefetchRead(Ljava/lang/Object;J)V name or signature does not match> (0x00000000eab0d050) thrown at [D:\re\workspace\8-2-build-windows-amd64-cygwin\jdk8u25\1677\hotspot\src\share\vm\prims\j

Events (10 events):
Event: 43.154 loading class com/android/dx/rop/code/RegisterSpecList$Expander
Event: 43.154 loading class com/android/dx/rop/code/RegisterSpecList$Expander done
Event: 43.246 loading class com/android/dx/dex/file/DebugInfoEncoder
Event: 43.246 loading class com/android/dx/dex/file/DebugInfoEncoder done
Event: 43.965 loading class com/android/dx/dex/file/DebugInfoEncoder$1
Event: 43.965 loading class com/android/dx/dex/file/DebugInfoEncoder$1 done
Event: 43.966 loading class com/android/dx/dex/file/DebugInfoEncoder$2
Event: 43.966 loading class com/android/dx/dex/file/DebugInfoEncoder$2 done
Event: 45.011 loading class com/android/dex/EncodedValueCodec
Event: 45.011 loading class com/android/dex/EncodedValueCodec done


Dynamic libraries:
0x000000013f830000 - 0x000000013f864000 	C:\PROGRA~1\Java\JDK18~1.0_2\bin\java.exe
0x0000000077ac0000 - 0x0000000077c69000 	C:\Windows\SYSTEM32\ntdll.dll
0x00000000779a0000 - 0x0000000077abf000 	C:\Windows\system32\kernel32.dll
0x000007fefdd70000 - 0x000007fefdddc000 	C:\Windows\system32\KERNELBASE.dll
0x000007feffb20000 - 0x000007feffbfb000 	C:\Windows\system32\ADVAPI32.dll
0x000007fefe040000 - 0x000007fefe0df000 	C:\Windows\system32\msvcrt.dll
0x000007feffd10000 - 0x000007feffd2f000 	C:\Windows\SYSTEM32\sechost.dll
0x000007feff870000 - 0x000007feff99d000 	C:\Windows\system32\RPCRT4.dll
0x00000000778a0000 - 0x000000007799a000 	C:\Windows\system32\USER32.dll
0x000007feff1b0000 - 0x000007feff217000 	C:\Windows\system32\GDI32.dll
0x000007fefe100000 - 0x000007fefe10e000 	C:\Windows\system32\LPK.dll
0x000007feff220000 - 0x000007feff2e9000 	C:\Windows\system32\USP10.dll
0x000007fefc5e0000 - 0x000007fefc7d4000 	C:\Windows\WinSxS\amd64_microsoft.windows.common-controls_6595b64144ccf1df_6.0.7601.17514_none_fa396087175ac9ac\COMCTL32.dll
0x000007fefef20000 - 0x000007fefef91000 	C:\Windows\system32\SHLWAPI.dll
0x000007feff840000 - 0x000007feff86e000 	C:\Windows\system32\IMM32.DLL
0x000007feffc00000 - 0x000007feffd09000 	C:\Windows\system32\MSCTF.dll
0x000000005afe0000 - 0x000000005b0b2000 	C:\PROGRA~1\Java\JDK18~1.0_2\jre\bin\msvcr100.dll
0x0000000055e30000 - 0x000000005668a000 	C:\PROGRA~1\Java\JDK18~1.0_2\jre\bin\server\jvm.dll
0x000007fef99f0000 - 0x000007fef99f9000 	C:\Windows\system32\WSOCK32.dll
0x000007feff3e0000 - 0x000007feff42d000 	C:\Windows\system32\WS2_32.dll
0x000007feff3d0000 - 0x000007feff3d8000 	C:\Windows\system32\NSI.dll
0x000007fefa8f0000 - 0x000007fefa92b000 	C:\Windows\system32\WINMM.dll
0x0000000077c80000 - 0x0000000077c87000 	C:\Windows\system32\PSAPI.DLL
0x000000005c7f0000 - 0x000000005c7ff000 	C:\PROGRA~1\Java\JDK18~1.0_2\jre\bin\verify.dll
0x000000005c6b0000 - 0x000000005c6d8000 	C:\PROGRA~1\Java\JDK18~1.0_2\jre\bin\java.dll
0x000000005c7d0000 - 0x000000005c7e6000 	C:\PROGRA~1\Java\JDK18~1.0_2\jre\bin\zip.dll
0x000007fefe190000 - 0x000007fefef18000 	C:\Windows\system32\SHELL32.dll
0x000007fefefa0000 - 0x000007feff1a3000 	C:\Windows\system32\ole32.dll
0x000007fefda10000 - 0x000007fefda1f000 	C:\Windows\system32\profapi.dll
0x000007fef4bf0000 - 0x000007fef4d15000 	C:\Windows\system32\dbghelp.dll

VM Arguments:
jvm_args: -Xmx1024M -Xss1m -Djava.ext.dirs=C:\Users\Mr. Barbarian\AppData\Local\Android\sdk\build-tools\22.0.1\lib 
java_command: C:\Users\Mr. Barbarian\AppData\Local\Android\sdk\build-tools\22.0.1\lib\dx.jar --dex --output E:\Android Projects\RandomWarriors\app\build\intermediates\pre-dexed\debug\internal_impl-22.0.0-5131a5ad2dbd0024b0bbbe9a5e169a4264bde901.jar E:\Android Projects\RandomWarriors\app\build\intermediates\exploded-aar\com.android.support\support-v4\22.0.0\libs\internal_impl-22.0.0.jar
java_class_path (initial): C:\Users\Mr. Barbarian\AppData\Local\Android\sdk\build-tools\22.0.1\lib\dx.jar
Launcher Type: SUN_STANDARD

Environment Variables:
JAVA_HOME=C:\Program Files\Java\jdk1.8.0_25
PATH=C:\ProgramData\Oracle\Java\javapath;C:\Program Files (x86)\NVIDIA Corporation\PhysX\Common;C:\Program Files\Common Files\Microsoft Shared\Windows Live;C:\Program Files (x86)\Common Files\Microsoft Shared\Windows Live;C:\Program Files (x86)\Intel\iCLS Client\;C:\Program Files\Intel\iCLS Client\;C:\Program Files (x86)\AMD APP\bin\x86_64;C:\Program Files (x86)\AMD APP\bin\x86;C:\Windows\system32;C:\Windows;C:\Windows\System32\Wbem;C:\Windows\System32\WindowsPowerShell\v1.0\;C:\Program Files (x86)\ATI Technologies\ATI.ACE\Core-Static;C:\Program Files\Intel\Intel(R) Management Engine Components\DAL;C:\Program Files\Intel\Intel(R) Management Engine Components\IPT;C:\Program Files (x86)\Intel\Intel(R) Management Engine Components\DAL;C:\Program Files (x86)\Intel\Intel(R) Management Engine Components\IPT;C:\Program Files\Sony\VAIO Improvement\;C:\Program Files (x86)\Sony\VAIO Startup Setting Tool;C:\Program Files (x86)\Windows Live\Shared;C:\Program Files\MATLAB\R2012b\runtime\win64;C:\Program Files\MATLAB\R2012b\bin;C:\Program Files (x86)\Java\jdk1.6.0\bin;C:\Program Files\TortoiseSVN\bin;C:\Windows\SysWOW64;C:\Program Files (x86)\AMD\ATI.ACE\Core-Static;C:\Program Files (x86)\Skype\Phone\;C:\Python34\
USERNAME=Mr. Barbarian
OS=Windows_NT
PROCESSOR_IDENTIFIER=Intel64 Family 6 Model 42 Stepping 7, GenuineIntel



---------------  S Y S T E M  ---------------

OS: Windows 7 , 64 bit Build 7601 Service Pack 1

CPU:total 4 (2 cores per cpu, 2 threads per core) family 6 model 42 stepping 7, cmov, cx8, fxsr, mmx, sse, sse2, sse3, ssse3, sse4.1, sse4.2, popcnt, avx, aes, clmul, ht, tsc, tscinvbit

Memory: 4k page, physical 4163952k(479060k free), swap 9825424k(457460k free)

vm_info: Java HotSpot(TM) 64-Bit Server VM (25.25-b02) for windows-amd64 JRE (1.8.0_25-b18), built on Oct  7 2014 14:25:37 by "java_re" with MS VC++ 10.0 (VS2010)

time: Sat Jun 06 00:46:25 2015
elapsed time: 85 seconds (0d 0h 1m 25s)

